<?xml version="1.0" encoding="UTF-8"?>
<testsuite xmlns:xsi="http://www.w3.org/2001/XMLSchema-instance" xsi:schemaLocation="https://maven.apache.org/surefire/maven-surefire-plugin/xsd/surefire-test-report.xsd" name="test.StepDef.RunnerClass" time="11.099" tests="5" errors="2" skipped="2" failures="0">
  <properties>
[...]
</properties>
  <testcase name="Given I am on the &quot;Landing Page&quot;" classname="Scenario: Valid Submission" time="0.001"/>
  <testcase name="When I click on &quot;Contact&quot; tab" classname="Scenario: Valid Submission" time="0.01">
    <error message="Unable to locate element: //*[@id=&apos;menu&apos;]/li[1]&#10;For documentation on this error, please visit: http://seleniumhq.org/exceptions/no_such_element.html&#10;Build info: version: &apos;3.4.0&apos;, revision: &apos;unknown&apos;, time: &apos;unknown&apos;&#10;System info: host: &apos;LAPTOP-0DL13R8O&apos;, ip: &apos;192.168.1.75&apos;, os.name: &apos;Windows 10&apos;, os.arch: &apos;amd64&apos;, os.version: &apos;10.0&apos;, java.version: &apos;1.8.0_131&apos;&#10;Driver info: org.openqa.selenium.firefox.FirefoxDriver&#10;Capabilities [{moz:profile=C:\Users\Ace\AppData\Local\Temp\rust_mozprofile.j56J4LmCvUZ3, rotatable=false, timeouts={implicit=0.0, pageLoad=300000.0, script=30000.0}, pageLoadStrategy=normal, platform=ANY, specificationLevel=0.0, moz:accessibilityChecks=false, acceptInsecureCerts=false, browserVersion=55.0, platformVersion=10.0, moz:processID=5276.0, browserName=firefox, javascriptEnabled=true, platformName=windows_nt}]&#10;Session ID: bd5cc5aa-83c3-49cd-8d6a-416a984e97de&#10;*** Element info: {Using=xpath, value=//*[@id=&apos;menu&apos;]/li[1]}" type="org.openqa.selenium.NoSuchElementException">org.openqa.selenium.NoSuchElementException: 
Unable to locate element: //*[@id='menu']/li[1]
For documentation on this error, please visit: http://seleniumhq.org/exceptions/no_such_element.html
Build info: version: '3.4.0', revision: 'unknown', time: 'unknown'
System info: host: 'LAPTOP-0DL13R8O', ip: '192.168.1.75', os.name: 'Windows 10', os.arch: 'amd64', os.version: '10.0', java.version: '1.8.0_131'
Driver info: org.openqa.selenium.firefox.FirefoxDriver
Capabilities [{moz:profile=C:\Users\Ace\AppData\Local\Temp\rust_mozprofile.j56J4LmCvUZ3, rotatable=false, timeouts={implicit=0.0, pageLoad=300000.0, script=30000.0}, pageLoadStrategy=normal, platform=ANY, specificationLevel=0.0, moz:accessibilityChecks=false, acceptInsecureCerts=false, browserVersion=55.0, platformVersion=10.0, moz:processID=5276.0, browserName=firefox, javascriptEnabled=true, platformName=windows_nt}]
Session ID: bd5cc5aa-83c3-49cd-8d6a-416a984e97de
*** Element info: {Using=xpath, value=//*[@id='menu']/li[1]}
</error>
  </testcase>
  <testcase name="Scenario: Valid Submission" classname="Scenario: Valid Submission" time="0.026">
    <error message="Unable to locate element: //*[@id=&apos;menu&apos;]/li[1]&#10;For documentation on this error, please visit: http://seleniumhq.org/exceptions/no_such_element.html&#10;Build info: version: &apos;3.4.0&apos;, revision: &apos;unknown&apos;, time: &apos;unknown&apos;&#10;System info: host: &apos;LAPTOP-0DL13R8O&apos;, ip: &apos;192.168.1.75&apos;, os.name: &apos;Windows 10&apos;, os.arch: &apos;amd64&apos;, os.version: &apos;10.0&apos;, java.version: &apos;1.8.0_131&apos;&#10;Driver info: org.openqa.selenium.firefox.FirefoxDriver&#10;Capabilities [{moz:profile=C:\Users\Ace\AppData\Local\Temp\rust_mozprofile.j56J4LmCvUZ3, rotatable=false, timeouts={implicit=0.0, pageLoad=300000.0, script=30000.0}, pageLoadStrategy=normal, platform=ANY, specificationLevel=0.0, moz:accessibilityChecks=false, acceptInsecureCerts=false, browserVersion=55.0, platformVersion=10.0, moz:processID=5276.0, browserName=firefox, javascriptEnabled=true, platformName=windows_nt}]&#10;Session ID: bd5cc5aa-83c3-49cd-8d6a-416a984e97de&#10;*** Element info: {Using=xpath, value=//*[@id=&apos;menu&apos;]/li[1]}" type="org.openqa.selenium.NoSuchElementException">org.openqa.selenium.NoSuchElementException: 
Unable to locate element: //*[@id='menu']/li[1]
For documentation on this error, please visit: http://seleniumhq.org/exceptions/no_such_element.html
Build info: version: '3.4.0', revision: 'unknown', time: 'unknown'
System info: host: 'LAPTOP-0DL13R8O', ip: '192.168.1.75', os.name: 'Windows 10', os.arch: 'amd64', os.version: '10.0', java.version: '1.8.0_131'
Driver info: org.openqa.selenium.firefox.FirefoxDriver
Capabilities [{moz:profile=C:\Users\Ace\AppData\Local\Temp\rust_mozprofile.j56J4LmCvUZ3, rotatable=false, timeouts={implicit=0.0, pageLoad=300000.0, script=30000.0}, pageLoadStrategy=normal, platform=ANY, specificationLevel=0.0, moz:accessibilityChecks=false, acceptInsecureCerts=false, browserVersion=55.0, platformVersion=10.0, moz:processID=5276.0, browserName=firefox, javascriptEnabled=true, platformName=windows_nt}]
Session ID: bd5cc5aa-83c3-49cd-8d6a-416a984e97de
*** Element info: {Using=xpath, value=//*[@id='menu']/li[1]}
</error>
  </testcase>
  <testcase name="And &quot;Contact Page&quot; is displayed" classname="Scenario: Valid Submission" time="0">
    <skipped/>
  </testcase>
  <testcase name="Then I should be able to contact QAWorks with the following information" classname="Scenario: Valid Submission" time="0">
    <skipped/>
  </testcase>
</testsuite>